2026-04-22 22:41:53,629 - Omni-AI-Worker - [INFO] - === Omni-AI Agent 24 Jam (VNC Virtual Vision) ===
2026-04-22 22:41:53,630 - Omni-AI-Worker - [INFO] - [VNC] Memastikan server layar virtual aktif...
2026-04-22 22:41:53,631 - Omni-AI-Worker - [INFO] - [VNC] Server sudah berjalan.
2026-04-22 22:41:53,632 - Omni-AI-Worker - [INFO] - [VNC] Membuka URL di latar belakang: https://admob.google.com
2026-04-22 22:41:53,670 - Omni-AI-Worker - [INFO] - [WORK] Menganalisis target via Virtual Vision...
2026-04-22 22:41:53,672 - Omni-AI-Worker - [INFO] - [VISION] Memindai layar virtual (VNC :1)...
sh: scrot: inaccessible or not found
2026-04-22 22:41:53,711 - Omni-AI-Worker - [INFO] - [STATUS] Rp 0 - MENGEJAR TARGET
[10969:10969:0422/224154.906740:ERROR:./../src/base/files/file_path_watcher_inotify.cc:922] Failed to read /proc/sys/fs/inotify/max_user_watches
[10968:10968:0422/224154.907555:ERROR:./../src/base/files/file_path_watcher_inotify.cc:922] Failed to read /proc/sys/fs/inotify/max_user_watches
[10916:10976:0422/224155.161763:ERROR:./../src/base/files/file_path_watcher_inotify.cc:922] Failed to read /proc/sys/fs/inotify/max_user_watches
[10916:10977:0422/224155.180534:ERROR:./../src/dbus/bus.cc:405] Failed to connect to the bus: Failed to connect to socket /data/data/com.termux/files/usr/var/run/dbus/system_bus_socket: No such file or directory
[10916:10977:0422/224206.636445:ERROR:./../src/dbus/bus.cc:405] Failed to connect to the bus: Could not parse server address: Unknown address type (examples of valid types are "tcp" and on UNIX "unix")
[10916:10977:0422/224207.294931:ERROR:./../src/dbus/bus.cc:405] Failed to connect to the bus: Failed to connect to socket /data/data/com.termux/files/usr/var/run/dbus/system_bus_socket: No such file or directory
[10916:10977:0422/224207.295225:ERROR:./../src/dbus/bus.cc:405] Failed to connect to the bus: Failed to connect to socket /data/data/com.termux/files/usr/var/run/dbus/system_bus_socket: No such file or directory
[10916:10977:0422/224207.308269:ERROR:./../src/dbus/bus.cc:405] Failed to connect to the bus: Could not parse server address: Unknown address type (examples of valid types are "tcp" and on UNIX "unix")
[10916:11149:0422/224207.320149:ERROR:./../src/content/browser/zygote_host/zygote_host_impl_linux.cc:279] Failed to adjust OOM score of renderer with pid 11154: Permission denied (13)
[10916:11149:0422/224208.932829:ERROR:./../src/content/browser/zygote_host/zygote_host_impl_linux.cc:279] Failed to adjust OOM score of renderer with pid 11180: Permission denied (13)
[10916:10977:0422/224208.933232:ERROR:./../src/dbus/bus.cc:405] Failed to connect to the bus: Could not parse server address: Unknown address type (examples of valid types are "tcp" and on UNIX "unix")
[11155:11155:0422/224208.947209:ERROR:./../src/base/memory/shared_memory_switch.cc:289] Failed global descriptor lookup: 7
[10916:10916:0422/224209.327490:ERROR:./../src/dbus/object_proxy.cc:572] Failed to call method: org.freedesktop.DBus.NameHasOwner: object_path= /org/freedesktop/DBus: unknown error type: 
[10916:10916:0422/224209.333094:ERROR:./../src/dbus/object_proxy.cc:572] Failed to call method: org.freedesktop.DBus.NameHasOwner: object_path= /org/freedesktop/DBus: unknown error type: 
[10916:10977:0422/224209.328233:ERROR:./../src/dbus/bus.cc:405] Failed to connect to the bus: Could not parse server address: Unknown address type (examples of valid types are "tcp" and on UNIX "unix")
[10916:10916:0422/224209.376823:ERROR:./../src/dbus/object_proxy.cc:572] Failed to call method: org.freedesktop.DBus.NameHasOwner: object_path= /org/freedesktop/DBus: unknown error type: 
[10916:10916:0422/224209.395244:ERROR:./../src/dbus/object_proxy.cc:572] Failed to call method: org.freedesktop.DBus.NameHasOwner: object_path= /org/freedesktop/DBus: unknown error type: 
[10916:10977:0422/224209.400729:ERROR:./../src/dbus/bus.cc:405] Failed to connect to the bus: Failed to connect to socket /data/data/com.termux/files/usr/var/run/dbus/system_bus_socket: No such file or directory
[10916:10977:0422/224209.400957:ERROR:./../src/dbus/bus.cc:405] Failed to connect to the bus: Failed to connect to socket /data/data/com.termux/files/usr/var/run/dbus/system_bus_socket: No such file or directory
[10916:10916:0422/224209.434679:ERROR:./../src/dbus/object_proxy.cc:572] Failed to call method: org.freedesktop.DBus.Properties.GetAll: object_path= /org/freedesktop/UPower/devices/DisplayDevice: unknown error type: 
[10916:10977:0422/224211.113092:ERROR:./../src/dbus/bus.cc:405] Failed to connect to the bus: Could not parse server address: Unknown address type (examples of valid types are "tcp" and on UNIX "unix")
[10916:10977:0422/224211.281746:ERROR:./../src/dbus/bus.cc:405] Failed to connect to the bus: Could not parse server address: Unknown address type (examples of valid types are "tcp" and on UNIX "unix")
[10916:10977:0422/224211.281838:ERROR:./../src/dbus/bus.cc:405] Failed to connect to the bus: Could not parse server address: Unknown address type (examples of valid types are "tcp" and on UNIX "unix")
[10916:11149:0422/224211.936308:ERROR:./../src/content/browser/zygote_host/zygote_host_impl_linux.cc:279] Failed to adjust OOM score of renderer with pid 11299: Permission denied (13)
[10916:11149:0422/224212.027412:ERROR:./../src/content/browser/zygote_host/zygote_host_impl_linux.cc:279] Failed to adjust OOM score of renderer with pid 11317: Permission denied (13)
[10916:10916:0422/224212.868598:ERROR:./../src/dbus/object_proxy.cc:572] Failed to call method: org.freedesktop.DBus.NameHasOwner: object_path= /org/freedesktop/DBus: unknown error type: 
[10916:10977:0422/224212.870780:ERROR:./../src/dbus/bus.cc:405] Failed to connect to the bus: Could not parse server address: Unknown address type (examples of valid types are "tcp" and on UNIX "unix")
[10916:10916:0422/224213.175782:ERROR:./../src/dbus/object_proxy.cc:572] Failed to call method: org.freedesktop.DBus.NameHasOwner: object_path= /org/freedesktop/DBus: unknown error type: 
[10916:10977:0422/224213.194121:ERROR:./../src/dbus/bus.cc:405] Failed to connect to the bus: Could not parse server address: Unknown address type (examples of valid types are "tcp" and on UNIX "unix")
[10916:10916:0422/224213.267939:ERROR:./../src/dbus/object_proxy.cc:572] Failed to call method: org.freedesktop.DBus.NameHasOwner: object_path= /org/freedesktop/DBus: unknown error type: 
[10916:10977:0422/224213.269070:ERROR:./../src/dbus/bus.cc:405] Failed to connect to the bus: Could not parse server address: Unknown address type (examples of valid types are "tcp" and on UNIX "unix")
[10916:10916:0422/224213.353472:ERROR:./../src/dbus/object_proxy.cc:572] Failed to call method: org.freedesktop.DBus.NameHasOwner: object_path= /org/freedesktop/DBus: unknown error type: 
[10916:10977:0422/224213.355918:ERROR:./../src/dbus/bus.cc:405] Failed to connect to the bus: Could not parse server address: Unknown address type (examples of valid types are "tcp" and on UNIX "unix")
[10916:10916:0422/224213.388751:ERROR:./../src/dbus/object_proxy.cc:572] Failed to call method: org.freedesktop.DBus.NameHasOwner: object_path= /org/freedesktop/DBus: unknown error type: 
[10916:11149:0422/224235.309893:ERROR:./../src/content/browser/zygote_host/zygote_host_impl_linux.cc:279] Failed to adjust OOM score of renderer with pid 11702: Permission denied (13)
[10916:10977:0422/224239.232183:ERROR:./../src/google_apis/gcm/engine/registration_request.cc:292] Registration response error message: DEPRECATED_ENDPOINT
